<?xml version="1.0" encoding="UTF-8"?>
<testng-results ignored="0" total="3" passed="2" failed="1" skipped="0">
  <reporter-output>
  </reporter-output>
  <suite started-at="2024-04-18T11:50:59 IST" name="Default suite" finished-at="2024-04-18T11:53:03 IST" duration-ms="123630">
    <groups>
      <group name="cucumber">
        <method signature="AbstractTestNGCucumberTests.runScenario(io.cucumber.testng.PickleWrapper,io.cucumber.testng.FeatureWrapper)[pri:0, instance:testRunner.TestRunner@59402b8f]" name="runScenario" class="io.cucumber.testng.AbstractTestNGCucumberTests"/>
      </group> <!-- cucumber -->
    </groups>
    <test started-at="2024-04-18T11:50:59 IST" name="Default test" finished-at="2024-04-18T11:53:03 IST" duration-ms="123630">
      <class name="testRunner.TestRunner">
        <test-method is-config="true" signature="setUpClass(org.testng.ITestContext)[pri:0, instance:testRunner.TestRunner@59402b8f]" started-at="2024-04-18T11:50:59 IST" name="setUpClass" finished-at="2024-04-18T11:51:01 IST" duration-ms="1347" status="PASS">
          <params>
            <param index="0">
              <value>
                <![CDATA[org.testng.TestRunner@69a294d8]]>
              </value>
            </param>
          </params>
          <reporter-output>
          </reporter-output>
        </test-method> <!-- setUpClass -->
        <test-method signature="runScenario(io.cucumber.testng.PickleWrapper,io.cucumber.testng.FeatureWrapper)[pri:0, instance:testRunner.TestRunner@59402b8f]" started-at="2024-04-18T11:51:01 IST" name="runScenario" description="Runs Cucumber Scenarios" data-provider="scenarios" finished-at="2024-04-18T11:51:55 IST" duration-ms="54058" status="PASS">
          <params>
            <param index="0">
              <value>
                <![CDATA["View upcoming Honda bikes under 4Lac on ZigWheels"]]>
              </value>
            </param>
            <param index="1">
              <value>
                <![CDATA["Display upcoming Honda bikes under 4Lac in India on ZigWheels"]]>
              </value>
            </param>
          </params>
          <reporter-output>
          </reporter-output>
        </test-method> <!-- runScenario -->
        <test-method signature="runScenario(io.cucumber.testng.PickleWrapper,io.cucumber.testng.FeatureWrapper)[pri:0, instance:testRunner.TestRunner@59402b8f]" started-at="2024-04-18T11:51:55 IST" name="runScenario" description="Runs Cucumber Scenarios" data-provider="scenarios" finished-at="2024-04-18T11:52:26 IST" duration-ms="31655" status="PASS">
          <params>
            <param index="0">
              <value>
                <![CDATA["View popular used car models in Chennai"]]>
              </value>
            </param>
            <param index="1">
              <value>
                <![CDATA["Display popular used car models in Chennai"]]>
              </value>
            </param>
          </params>
          <reporter-output>
          </reporter-output>
        </test-method> <!-- runScenario -->
        <test-method signature="runScenario(io.cucumber.testng.PickleWrapper,io.cucumber.testng.FeatureWrapper)[pri:0, instance:testRunner.TestRunner@59402b8f]" started-at="2024-04-18T11:52:26 IST" name="runScenario" description="Runs Cucumber Scenarios" data-provider="scenarios" finished-at="2024-04-18T11:52:40 IST" duration-ms="14000" status="FAIL">
          <params>
            <param index="0">
              <value>
                <![CDATA["Login with invalid Google account details"]]>
              </value>
            </param>
            <param index="1">
              <value>
                <![CDATA["Google Login"]]>
              </value>
            </param>
          </params>
          <exception class="java.lang.IndexOutOfBoundsException">
            <message>
              <![CDATA[Index 1 out of bounds for length 1]]>
            </message>
            <full-stacktrace>
              <![CDATA[java.lang.IndexOutOfBoundsException: Index 1 out of bounds for length 1
at java.base/jdk.internal.util.Preconditions.outOfBounds(Preconditions.java:64)
at java.base/jdk.internal.util.Preconditions.outOfBoundsCheckIndex(Preconditions.java:70)
at java.base/jdk.internal.util.Preconditions.checkIndex(Preconditions.java:266)
at java.base/java.util.Objects.checkIndex(Objects.java:361)
at java.base/java.util.ArrayList.get(ArrayList.java:427)
at pageObjects.LoginPage.switchTowindow(LoginPage.java:61)
at stepDefinitions.LoginSteps.the_user_switches_to_the_new_window(LoginSteps.java:26)
at âœ½.the user switches to the new window(file:///C:/Users/2327239/eclipse-workspace/HackProject/./Features/ZigWheelsLogin.feature:8)
]]>
            </full-stacktrace>
          </exception> <!-- java.lang.IndexOutOfBoundsException -->
          <reporter-output>
          </reporter-output>
        </test-method> <!-- runScenario -->
        <test-method is-config="true" signature="tearDownClass()[pri:0, instance:testRunner.TestRunner@59402b8f]" started-at="2024-04-18T11:52:40 IST" name="tearDownClass" finished-at="2024-04-18T11:53:03 IST" duration-ms="22488" status="FAIL">
          <exception class="java.lang.RuntimeException">
            <message>
              <![CDATA[java.io.IOException: HTTP request failed:
> PUT https://cucumber-messages-app-s3bucket-61aropwgu4ox.s3.eu-west-3.amazonaws.com/reports/fed02e52-4258-4eb3-8800-782d43a216ab?X-Amz-Algorithm=AWS4-HMAC-SHA256&X-Amz-Credential=ASIAWE4HTFKNRPBDORMI%2F20240418%2Feu-west-3%2Fs3%2Faws4_request&X-Amz-Date=20240418T062242Z&X-Amz-Expires=900&X-Amz-Security-Token=IQoJb3JpZ2luX2VjEK3%2F%2F%2F%2F%2F%2F%2F%2F%2F%2FwEaCWV1LXdlc3QtMyJHMEUCIQCkKliKHJJEVp5Cg%2BeQ2Xhg9mhkABViSGu3vpFy6xov%2FgIgKbQgjJyRfNr9b%2BQWm%2FDW8z%2B6SaJVE6OwrCsikmmaUDYqxgMI5v%2F%2F%2F%2F%2F%2F%2F%2F%2F%2FARADGgw0MjI4MDE3NzkzNTUiDPsHpvMBwVh6FYz3lCqaAyBPAzpfixf1uefnbQB5%2F8woBsC4Pq5A5hS8NmoUWtxijkW5czJaw0mt53frUG9qauogpXBQd0MVwXn9IZLe34E7fzx8Uh3MYbB1EqR%2FUsQA3Iaj8Gqta0wSqLtMganrSUn7N%2BTJjvuFySTEnxJVVMkdcgJo7JhVH6zOmlvR8lUjR9sIPQ0sykOHtcggvzl6VUJaHpCW%2BdL6%2Fx9f%2Fe0mZVGtbcPdkqxw7c8b9%2FYYYAjTW%2FuNIE2yvgFFX2rE3pH7T5CqG0U9fxMLb6uL6obhPR9hdPu4dDxAX3f%2FGRMT631XDGQegHS3A0Ppk9iCMVGbE1eHjyTDQYm3dY9kl75OZH4zMYwrfURNmSG9QKPSSF%2F0TDRsP7qmyTDENgRQ6pnacds%2FGOZaHSN3tnABqBxwnAdVR4UtZI5ze%2FRYVXoSHJzCsRygu1eEvd7g6HFmUaQShqtfSq2yE7dUWhBw%2F77d8HS3nQjSBBfK9%2Bz2NIxNtJPXlFXlkAQBQA96i65O1NhFiqru6RSHMqnyeBi7LL%2FMGbjvgLyoItrigu62MNPTgrEGOp4BgryQRyFTAfKqQHVbirTJGdY73DlmpdGVxfvKRcCRBt9Kb8ldSBPewG3o%2FplaKks8PevRblO7FhKzzLfbtEV1619cn5W4XBxSeSbdKkI%2F6JWI7Qb4%2Bq%2BR4p2NDDh8VugEonnAmA5SKgc%2FcZ7y5EBGjWRZ72UdXGfIiGpHfLqq6C1Z56Y8G9KLyLWNZbWAQOrfqLy4%2BXPd2uFGUH7eNCM%3D&X-Amz-Signature=973760f5e23417cec1eba861fd39ca805b2947539b8abaece25e6273f07dac57&X-Amz-SignedHeaders=host

]]>
            </message>
            <full-stacktrace>
              <![CDATA[java.lang.RuntimeException: java.io.IOException: HTTP request failed:
> PUT https://cucumber-messages-app-s3bucket-61aropwgu4ox.s3.eu-west-3.amazonaws.com/reports/fed02e52-4258-4eb3-8800-782d43a216ab?X-Amz-Algorithm=AWS4-HMAC-SHA256&X-Amz-Credential=ASIAWE4HTFKNRPBDORMI%2F20240418%2Feu-west-3%2Fs3%2Faws4_request&X-Amz-Date=20240418T062242Z&X-Amz-Expires=900&X-Amz-Security-Token=IQoJb3JpZ2luX2VjEK3%2F%2F%2F%2F%2F%2F%2F%2F%2F%2FwEaCWV1LXdlc3QtMyJHMEUCIQCkKliKHJJEVp5Cg%2BeQ2Xhg9mhkABViSGu3vpFy6xov%2FgIgKbQgjJyRfNr9b%2BQWm%2FDW8z%2B6SaJVE6OwrCsikmmaUDYqxgMI5v%2F%2F%2F%2F%2F%2F%2F%2F%2F%2FARADGgw0MjI4MDE3NzkzNTUiDPsHpvMBwVh6FYz3lCqaAyBPAzpfixf1uefnbQB5%2F8woBsC4Pq5A5hS8NmoUWtxijkW5czJaw0mt53frUG9qauogpXBQd0MVwXn9IZLe34E7fzx8Uh3MYbB1EqR%2FUsQA3Iaj8Gqta0wSqLtMganrSUn7N%2BTJjvuFySTEnxJVVMkdcgJo7JhVH6zOmlvR8lUjR9sIPQ0sykOHtcggvzl6VUJaHpCW%2BdL6%2Fx9f%2Fe0mZVGtbcPdkqxw7c8b9%2FYYYAjTW%2FuNIE2yvgFFX2rE3pH7T5CqG0U9fxMLb6uL6obhPR9hdPu4dDxAX3f%2FGRMT631XDGQegHS3A0Ppk9iCMVGbE1eHjyTDQYm3dY9kl75OZH4zMYwrfURNmSG9QKPSSF%2F0TDRsP7qmyTDENgRQ6pnacds%2FGOZaHSN3tnABqBxwnAdVR4UtZI5ze%2FRYVXoSHJzCsRygu1eEvd7g6HFmUaQShqtfSq2yE7dUWhBw%2F77d8HS3nQjSBBfK9%2Bz2NIxNtJPXlFXlkAQBQA96i65O1NhFiqru6RSHMqnyeBi7LL%2FMGbjvgLyoItrigu62MNPTgrEGOp4BgryQRyFTAfKqQHVbirTJGdY73DlmpdGVxfvKRcCRBt9Kb8ldSBPewG3o%2FplaKks8PevRblO7FhKzzLfbtEV1619cn5W4XBxSeSbdKkI%2F6JWI7Qb4%2Bq%2BR4p2NDDh8VugEonnAmA5SKgc%2FcZ7y5EBGjWRZ72UdXGfIiGpHfLqq6C1Z56Y8G9KLyLWNZbWAQOrfqLy4%2BXPd2uFGUH7eNCM%3D&X-Amz-Signature=973760f5e23417cec1eba861fd39ca805b2947539b8abaece25e6273f07dac57&X-Amz-SignedHeaders=host


at io.cucumber.core.plugin.MessageFormatter.writeMessage(MessageFormatter.java:32)
at io.cucumber.core.eventbus.AbstractEventPublisher.send(AbstractEventPublisher.java:51)
at io.cucumber.core.eventbus.AbstractEventBus.send(AbstractEventBus.java:12)
at io.cucumber.core.runtime.SynchronizedEventBus.send(SynchronizedEventBus.java:47)
at io.cucumber.core.runtime.CucumberExecutionContext.emitTestRunFinished(CucumberExecutionContext.java:124)
at io.cucumber.core.runtime.CucumberExecutionContext.finishTestRun(CucumberExecutionContext.java:104)
at io.cucumber.testng.TestNGCucumberRunner.finish(TestNGCucumberRunner.java:145)
at io.cucumber.testng.AbstractTestNGCucumberTests.tearDownClass(AbstractTestNGCucumberTests.java:57)
at java.base/jdk.internal.reflect.NativeMethodAccessorImpl.invoke0(Native Method)
at java.base/jdk.internal.reflect.NativeMethodAccessorImpl.invoke(NativeMethodAccessorImpl.java:77)
at java.base/jdk.internal.reflect.DelegatingMethodAccessorImpl.invoke(DelegatingMethodAccessorImpl.java:43)
at java.base/java.lang.reflect.Method.invoke(Method.java:568)
at org.testng.internal.invokers.MethodInvocationHelper.invokeMethod(MethodInvocationHelper.java:139)
at org.testng.internal.invokers.MethodInvocationHelper.invokeMethodConsideringTimeout(MethodInvocationHelper.java:69)
at org.testng.internal.invokers.ConfigInvoker.invokeConfigurationMethod(ConfigInvoker.java:393)
at org.testng.internal.invokers.ConfigInvoker.invokeConfigurations(ConfigInvoker.java:326)
at org.testng.internal.invokers.TestMethodWorker.invokeAfterClassConfigurations(TestMethodWorker.java:229)
at org.testng.internal.invokers.TestMethodWorker.invokeAfterClassMethods(TestMethodWorker.java:215)
at org.testng.internal.invokers.TestMethodWorker.run(TestMethodWorker.java:131)
at java.base/java.util.ArrayList.forEach(ArrayList.java:1511)
at org.testng.TestRunner.privateRun(TestRunner.java:819)
at org.testng.TestRunner.run(TestRunner.java:619)
at org.testng.SuiteRunner.runTest(SuiteRunner.java:443)
at org.testng.SuiteRunner.runSequentially(SuiteRunner.java:437)
at org.testng.SuiteRunner.privateRun(SuiteRunner.java:397)
at org.testng.SuiteRunner.run(SuiteRunner.java:336)
at org.testng.SuiteRunnerWorker.runSuite(SuiteRunnerWorker.java:52)
at org.testng.SuiteRunnerWorker.run(SuiteRunnerWorker.java:95)
at org.testng.TestNG.runSuitesSequentially(TestNG.java:1301)
at org.testng.TestNG.runSuitesLocally(TestNG.java:1228)
at org.testng.TestNG.runSuites(TestNG.java:1134)
at org.testng.TestNG.run(TestNG.java:1101)
at org.testng.remote.AbstractRemoteTestNG.run(AbstractRemoteTestNG.java:115)
at org.testng.remote.RemoteTestNG.initAndRun(RemoteTestNG.java:251)
at org.testng.remote.RemoteTestNG.main(RemoteTestNG.java:77)
Caused by: java.io.IOException: HTTP request failed:
> PUT https://cucumber-messages-app-s3bucket-61aropwgu4ox.s3.eu-west-3.amazonaws.com/reports/fed02e52-4258-4eb3-8800-782d43a216ab?X-Amz-Algorithm=AWS4-HMAC-SHA256&X-Amz-Credential=ASIAWE4HTFKNRPBDORMI%2F20240418%2Feu-west-3%2Fs3%2Faws4_request&X-Amz-Date=20240418T062242Z&X-Amz-Expires=900&X-Amz-Security-Token=IQoJb3JpZ2luX2VjEK3%2F%2F%2F%2F%2F%2F%2F%2F%2F%2FwEaCWV1LXdlc3QtMyJHMEUCIQCkKliKHJJEVp5Cg%2BeQ2Xhg9mhkABViSGu3vpFy6xov%2FgIgKbQgjJyRfNr9b%2BQWm%2FDW8z%2B6SaJVE6OwrCsikmmaUDYqxgMI5v%2F%2F%2F%2F%2F%2F%2F%2F%2F%2FARADGgw0MjI4MDE3NzkzNTUiDPsHpvMBwVh6FYz3lCqaAyBPAzpfixf1uefnbQB5%2F8woBsC4Pq5A5hS8NmoUWtxijkW5czJaw0mt53frUG9qauogpXBQd0MVwXn9IZLe34E7fzx8Uh3MYbB1EqR%2FUsQA3Iaj8Gqta0wSqLtMganrSUn7N%2BTJjvuFySTEnxJVVMkdcgJo7JhVH6zOmlvR8lUjR9sIPQ0sykOHtcggvzl6VUJaHpCW%2BdL6%2Fx9f%2Fe0mZVGtbcPdkqxw7c8b9%2FYYYAjTW%2FuNIE2yvgFFX2rE3pH7T5CqG0U9fxMLb6uL6obhPR9hdPu4dDxAX3f%2FGRMT631XDGQegHS3A0Ppk9iCMVGbE1eHjyTDQYm3dY9kl75OZH4zMYwrfURNmSG9QKPSSF%2F0TDRsP7qmyTDENgRQ6pnacds%2FGOZaHSN3tnABqBxwnAdVR4UtZI5ze%2FRYVXoSHJzCsRygu1eEvd7g6HFmUaQShqtfSq2yE7dUWhBw%2F77d8HS3nQjSBBfK9%2Bz2NIxNtJPXlFXlkAQBQA96i65O1NhFiqru6RSHMqnyeBi7LL%2FMGbjvgLyoItrigu62MNPTgrEGOp4BgryQRyFTAfKqQHVbirTJGdY73DlmpdGVxfvKRcCRBt9Kb8ldSBPewG3o%2FplaKks8PevRblO7FhKzzLfbtEV1619cn5W4XBxSeSbdKkI%2F6JWI7Qb4%2Bq%2BR4p2NDDh8VugEonnAmA5SKgc%2FcZ7y5EBGjWRZ72UdXGfIiGpHfLqq6C1Z56Y8G9KLyLWNZbWAQOrfqLy4%2BXPd2uFGUH7eNCM%3D&X-Amz-Signature=973760f5e23417cec1eba861fd39ca805b2947539b8abaece25e6273f07dac57&X-Amz-SignedHeaders=host


at io.cucumber.core.plugin.UrlOutputStream.createCurlLikeException(UrlOutputStream.java:150)
at io.cucumber.core.plugin.UrlOutputStream.sendRequestBody(UrlOutputStream.java:116)
at io.cucumber.core.plugin.UrlOutputStream.sendRequest(UrlOutputStream.java:94)
at io.cucumber.core.plugin.UrlOutputStream.sendRequest(UrlOutputStream.java:90)
at io.cucumber.core.plugin.UrlOutputStream.close(UrlOutputStream.java:65)
at java.base/sun.nio.cs.StreamEncoder.implClose(StreamEncoder.java:347)
at java.base/sun.nio.cs.StreamEncoder.close(StreamEncoder.java:169)
at java.base/java.io.OutputStreamWriter.close(OutputStreamWriter.java:252)
at io.cucumber.core.plugin.MessageFormatter.writeMessage(MessageFormatter.java:29)
... 34 more
Caused by: java.net.ConnectException: Connection timed out: connect
at java.base/sun.nio.ch.Net.connect0(Native Method)
at java.base/sun.nio.ch.Net.connect(Net.java:579)
at java.base/sun.nio.ch.Net.connect(Net.java:568)
at java.base/sun.nio.ch.NioSocketImpl.connect(NioSocketImpl.java:593)
at java.base/java.net.SocksSocketImpl.connect(SocksSocketImpl.java:327)
at java.base/java.net.Socket.connect(Socket.java:633)
at java.base/sun.security.ssl.SSLSocketImpl.connect(SSLSocketImpl.java:304)
at java.base/sun.security.ssl.BaseSSLSocketImpl.connect(BaseSSLSocketImpl.java:174)
at java.base/sun.net.NetworkClient.doConnect(NetworkClient.java:183)
at java.base/sun.net.www.http.HttpClient.openServer(HttpClient.java:533)
at java.base/sun.net.www.http.HttpClient.openServer(HttpClient.java:638)
at java.base/sun.net.www.protocol.https.HttpsClient.<init>(HttpsClient.java:266)
at java.base/sun.net.www.protocol.https.HttpsClient.New(HttpsClient.java:380)
at java.base/sun.net.www.protocol.https.AbstractDelegateHttpsURLConnection.getNewHttpClient(AbstractDelegateHttpsURLConnection.java:193)
at java.base/sun.net.www.protocol.http.HttpURLConnection.plainConnect0(HttpURLConnection.java:1287)
at java.base/sun.net.www.protocol.http.HttpURLConnection.plainConnect(HttpURLConnection.java:1128)
at java.base/sun.net.www.protocol.https.AbstractDelegateHttpsURLConnection.connect(AbstractDelegateHttpsURLConnection.java:179)
at java.base/sun.net.www.protocol.http.HttpURLConnection.getOutputStream0(HttpURLConnection.java:1430)
at java.base/sun.net.www.protocol.http.HttpURLConnection.getOutputStream(HttpURLConnection.java:1401)
at java.base/sun.net.www.protocol.https.HttpsURLConnectionImpl.getOutputStream(HttpsURLConnectionImpl.java:220)
at io.cucumber.core.plugin.UrlOutputStream.sendRequestBody(UrlOutputStream.java:111)
... 41 more
]]>
            </full-stacktrace>
          </exception> <!-- java.lang.RuntimeException -->
          <reporter-output>
          </reporter-output>
        </test-method> <!-- tearDownClass -->
      </class> <!-- testRunner.TestRunner -->
    </test> <!-- Default test -->
  </suite> <!-- Default suite -->
</testng-results>
